<?xml version="1.0" ?>
<coverage branch-rate="0" branches-covered="0" branches-valid="0" complexity="0" line-rate="0.4517" lines-covered="855" lines-valid="1893" timestamp="1568193593653" version="4.5.4">
	<!-- Generated by coverage.py: https://coverage.readthedocs.io -->
	<!-- Based on https://raw.githubusercontent.com/cobertura/web/master/htdocs/xml/coverage-04.dtd -->
	<sources>
		<source>/home/zero/Documents/Programming/ifunny/ifunny-python</source>
	</sources>
	<packages>
		<package branch-rate="0" complexity="0" line-rate="1" name="ifunny">
			<classes>
				<class branch-rate="0" complexity="0" filename="ifunny/__init__.py" line-rate="1" name="__init__.py">
					<methods/>
					<lines>
						<line hits="1" number="1"/>
					</lines>
				</class>
				<class branch-rate="0" complexity="0" filename="ifunny/__main__.py" line-rate="1" name="__main__.py">
					<methods/>
					<lines/>
				</class>
			</classes>
		</package>
		<package branch-rate="0" complexity="0" line-rate="0.2444" name="ifunny.client">
			<classes>
				<class branch-rate="0" complexity="0" filename="ifunny/client/__init__.py" line-rate="1" name="__init__.py">
					<methods/>
					<lines>
						<line hits="1" number="1"/>
					</lines>
				</class>
				<class branch-rate="0" complexity="0" filename="ifunny/client/_client.py" line-rate="0.2213" name="_client.py">
					<methods/>
					<lines>
						<line hits="1" number="1"/>
						<line hits="1" number="2"/>
						<line hits="1" number="4"/>
						<line hits="1" number="5"/>
						<line hits="1" number="6"/>
						<line hits="1" number="7"/>
						<line hits="1" number="9"/>
						<line hits="1" number="10"/>
						<line hits="1" number="11"/>
						<line hits="1" number="12"/>
						<line hits="1" number="13"/>
						<line hits="1" number="16"/>
						<line hits="1" number="30"/>
						<line hits="1" number="32"/>
						<line hits="0" number="38"/>
						<line hits="0" number="41"/>
						<line hits="0" number="42"/>
						<line hits="0" number="45"/>
						<line hits="0" number="46"/>
						<line hits="0" number="49"/>
						<line hits="0" number="50"/>
						<line hits="0" number="54"/>
						<line hits="0" number="56"/>
						<line hits="0" number="59"/>
						<line hits="0" number="60"/>
						<line hits="0" number="61"/>
						<line hits="1" number="63"/>
						<line hits="0" number="64"/>
						<line hits="1" number="68"/>
						<line hits="0" number="69"/>
						<line hits="0" number="71"/>
						<line hits="0" number="78"/>
						<line hits="0" number="83"/>
						<line hits="1" number="85"/>
						<line hits="0" number="86"/>
						<line hits="0" number="87"/>
						<line hits="0" number="94"/>
						<line hits="0" number="99"/>
						<line hits="1" number="101"/>
						<line hits="0" number="102"/>
						<line hits="0" number="103"/>
						<line hits="0" number="110"/>
						<line hits="0" number="115"/>
						<line hits="1" number="117"/>
						<line hits="0" number="118"/>
						<line hits="0" number="120"/>
						<line hits="0" number="127"/>
						<line hits="0" number="136"/>
						<line hits="1" number="138"/>
						<line hits="0" number="139"/>
						<line hits="0" number="140"/>
						<line hits="0" number="142"/>
						<line hits="1" number="146"/>
						<line hits="0" number="148"/>
						<line hits="0" number="149"/>
						<line hits="0" number="150"/>
						<line hits="0" number="154"/>
						<line hits="1" number="158"/>
						<line hits="0" number="175"/>
						<line hits="0" number="176"/>
						<line hits="0" number="179"/>
						<line hits="0" number="180"/>
						<line hits="0" number="181"/>
						<line hits="0" number="184"/>
						<line hits="0" number="185"/>
						<line hits="0" number="186"/>
						<line hits="0" number="188"/>
						<line hits="0" number="190"/>
						<line hits="0" number="196"/>
						<line hits="0" number="200"/>
						<line hits="0" number="201"/>
						<line hits="0" number="202"/>
						<line hits="0" number="206"/>
						<line hits="0" number="207"/>
						<line hits="0" number="209"/>
						<line hits="0" number="210"/>
						<line hits="0" number="211"/>
						<line hits="0" number="213"/>
						<line hits="0" number="214"/>
						<line hits="1" number="216"/>
						<line hits="0" number="240"/>
						<line hits="0" number="241"/>
						<line hits="0" number="243"/>
						<line hits="0" number="244"/>
						<line hits="0" number="246"/>
						<line hits="0" number="253"/>
						<line hits="0" number="257"/>
						<line hits="0" number="258"/>
						<line hits="0" number="259"/>
						<line hits="0" number="263"/>
						<line hits="0" number="264"/>
						<line hits="0" number="265"/>
						<line hits="0" number="267"/>
						<line hits="0" number="269"/>
						<line hits="0" number="273"/>
						<line hits="0" number="276"/>
						<line hits="0" number="280"/>
						<line hits="0" number="281"/>
						<line hits="0" number="282"/>
						<line hits="0" number="283"/>
						<line hits="0" number="287"/>
						<line hits="0" number="288"/>
						<line hits="0" number="289"/>
						<line hits="0" number="291"/>
						<line hits="0" number="292"/>
						<line hits="0" number="294"/>
						<line hits="0" number="296"/>
						<line hits="1" number="298"/>
						<line hits="0" number="319"/>
						<line hits="0" number="321"/>
						<line hits="1" number="323"/>
						<line hits="0" number="353"/>
						<line hits="0" number="354"/>
						<line hits="0" number="356"/>
						<line hits="0" number="362"/>
						<line hits="0" number="363"/>
						<line hits="0" number="365"/>
						<line hits="0" number="367"/>
						<line hits="0" number="372"/>
						<line hits="0" number="373"/>
						<line hits="0" number="376"/>
						<line hits="0" number="377"/>
						<line hits="0" number="379"/>
						<line hits="0" number="380"/>
						<line hits="0" number="382"/>
						<line hits="0" number="383"/>
						<line hits="0" number="386"/>
						<line hits="0" number="387"/>
						<line hits="0" number="389"/>
						<line hits="0" number="390"/>
						<line hits="1" number="392"/>
						<line hits="0" number="400"/>
						<line hits="0" number="401"/>
						<line hits="0" number="403"/>
						<line hits="0" number="404"/>
						<line hits="0" number="405"/>
						<line hits="1" number="409"/>
						<line hits="0" number="420"/>
						<line hits="0" number="422"/>
						<line hits="0" number="426"/>
						<line hits="1" number="431"/>
						<line hits="0" number="440"/>
						<line hits="0" number="441"/>
						<line hits="0" number="443"/>
						<line hits="1" number="445"/>
						<line hits="0" number="452"/>
						<line hits="1" number="454"/>
						<line hits="0" number="467"/>
						<line hits="0" number="469"/>
						<line hits="0" number="475"/>
						<line hits="0" number="480"/>
						<line hits="0" number="481"/>
						<line hits="0" number="483"/>
						<line hits="1" number="487"/>
						<line hits="0" number="504"/>
						<line hits="0" number="505"/>
						<line hits="0" number="506"/>
						<line hits="0" number="508"/>
						<line hits="1" number="510"/>
						<line hits="0" number="526"/>
						<line hits="0" number="527"/>
						<line hits="0" number="528"/>
						<line hits="0" number="530"/>
						<line hits="1" number="534"/>
						<line hits="0" number="543"/>
						<line hits="0" number="545"/>
						<line hits="0" number="546"/>
						<line hits="0" number="548"/>
						<line hits="1" number="550"/>
						<line hits="0" number="558"/>
						<line hits="0" number="562"/>
						<line hits="0" number="565"/>
						<line hits="1" number="567"/>
						<line hits="0" number="576"/>
						<line hits="0" number="578"/>
						<line hits="0" number="579"/>
						<line hits="0" number="581"/>
						<line hits="0" number="582"/>
						<line hits="0" number="584"/>
						<line hits="1" number="588"/>
						<line hits="0" number="597"/>
						<line hits="0" number="599"/>
						<line hits="0" number="600"/>
						<line hits="0" number="602"/>
						<line hits="0" number="603"/>
						<line hits="0" number="604"/>
						<line hits="0" number="606"/>
						<line hits="1" number="610"/>
						<line hits="0" number="619"/>
						<line hits="0" number="620"/>
						<line hits="0" number="622"/>
						<line hits="1" number="624"/>
						<line hits="0" number="626"/>
						<line hits="1" number="628"/>
						<line hits="0" number="636"/>
						<line hits="0" number="637"/>
						<line hits="0" number="639"/>
						<line hits="0" number="640"/>
						<line hits="0" number="642"/>
						<line hits="1" number="644"/>
						<line hits="0" number="653"/>
						<line hits="1" number="655"/>
						<line hits="0" number="661"/>
						<line hits="1" number="663"/>
						<line hits="0" number="669"/>
						<line hits="1" number="671"/>
						<line hits="0" number="679"/>
						<line hits="0" number="680"/>
						<line hits="0" number="681"/>
						<line hits="0" number="682"/>
						<line hits="1" number="684"/>
						<line hits="0" number="690"/>
						<line hits="0" number="691"/>
						<line hits="0" number="695"/>
						<line hits="1" number="697"/>
						<line hits="0" number="703"/>
						<line hits="1" number="707"/>
						<line hits="0" number="713"/>
						<line hits="1" number="715"/>
						<line hits="0" number="721"/>
						<line hits="1" number="723"/>
						<line hits="0" number="729"/>
						<line hits="0" number="730"/>
						<line hits="0" number="732"/>
						<line hits="1" number="734"/>
						<line hits="0" number="742"/>
						<line hits="0" number="743"/>
						<line hits="1" number="747"/>
						<line hits="0" number="753"/>
						<line hits="1" number="755"/>
						<line hits="0" number="760"/>
						<line hits="1" number="762"/>
						<line hits="0" number="771"/>
						<line hits="0" number="772"/>
						<line hits="0" number="775"/>
					</lines>
				</class>
				<class branch-rate="0" complexity="0" filename="ifunny/client/_handler.py" line-rate="0.3014" name="_handler.py">
					<methods/>
					<lines>
						<line hits="1" number="1"/>
						<line hits="1" number="3"/>
						<line hits="1" number="6"/>
						<line hits="1" number="7"/>
						<line hits="0" number="8"/>
						<line hits="0" number="9"/>
						<line hits="0" number="11"/>
						<line hits="0" number="17"/>
						<line hits="1" number="25"/>
						<line hits="0" number="26"/>
						<line hits="0" number="27"/>
						<line hits="1" number="29"/>
						<line hits="0" number="30"/>
						<line hits="1" number="34"/>
						<line hits="0" number="35"/>
						<line hits="1" number="37"/>
						<line hits="0" number="38"/>
						<line hits="0" number="39"/>
						<line hits="0" number="40"/>
						<line hits="1" number="44"/>
						<line hits="0" number="45"/>
						<line hits="1" number="47"/>
						<line hits="0" number="48"/>
						<line hits="0" number="49"/>
						<line hits="0" number="51"/>
						<line hits="0" number="56"/>
						<line hits="0" number="57"/>
						<line hits="1" number="59"/>
						<line hits="0" number="60"/>
						<line hits="0" number="61"/>
						<line hits="0" number="63"/>
						<line hits="0" number="67"/>
						<line hits="1" number="69"/>
						<line hits="0" number="70"/>
						<line hits="0" number="71"/>
						<line hits="0" number="72"/>
						<line hits="0" number="73"/>
						<line hits="1" number="76"/>
						<line hits="0" number="77"/>
						<line hits="0" number="79"/>
						<line hits="0" number="81"/>
						<line hits="0" number="87"/>
						<line hits="1" number="89"/>
						<line hits="0" number="90"/>
						<line hits="0" number="91"/>
						<line hits="0" number="92"/>
						<line hits="1" number="94"/>
						<line hits="0" number="95"/>
						<line hits="0" number="96"/>
						<line hits="0" number="97"/>
						<line hits="0" number="99"/>
						<line hits="1" number="101"/>
						<line hits="0" number="102"/>
						<line hits="0" number="103"/>
						<line hits="0" number="104"/>
						<line hits="1" number="106"/>
						<line hits="0" number="107"/>
						<line hits="0" number="108"/>
						<line hits="0" number="109"/>
						<line hits="1" number="113"/>
						<line hits="0" number="114"/>
						<line hits="0" number="115"/>
						<line hits="0" number="116"/>
						<line hits="0" number="118"/>
						<line hits="1" number="121"/>
						<line hits="1" number="122"/>
						<line hits="0" number="123"/>
						<line hits="0" number="124"/>
						<line hits="0" number="125"/>
						<line hits="1" number="127"/>
						<line hits="0" number="128"/>
						<line hits="0" number="129"/>
						<line hits="1" number="132"/>
					</lines>
				</class>
				<class branch-rate="0" complexity="0" filename="ifunny/client/_sendbird.py" line-rate="0.2553" name="_sendbird.py">
					<methods/>
					<lines>
						<line hits="1" number="1"/>
						<line hits="1" number="4"/>
						<line hits="1" number="5"/>
						<line hits="0" number="6"/>
						<line hits="0" number="7"/>
						<line hits="0" number="8"/>
						<line hits="0" number="9"/>
						<line hits="0" number="10"/>
						<line hits="0" number="11"/>
						<line hits="0" number="12"/>
						<line hits="0" number="13"/>
						<line hits="1" number="15"/>
						<line hits="0" number="16"/>
						<line hits="1" number="18"/>
						<line hits="0" number="19"/>
						<line hits="0" number="20"/>
						<line hits="0" number="21"/>
						<line hits="0" number="23"/>
						<line hits="1" number="25"/>
						<line hits="0" number="26"/>
						<line hits="1" number="28"/>
						<line hits="0" number="29"/>
						<line hits="1" number="31"/>
						<line hits="0" number="32"/>
						<line hits="0" number="33"/>
						<line hits="0" number="35"/>
						<line hits="1" number="38"/>
						<line hits="0" number="39"/>
						<line hits="1" number="41"/>
						<line hits="0" number="42"/>
						<line hits="0" number="43"/>
						<line hits="0" number="45"/>
						<line hits="0" number="47"/>
						<line hits="0" number="49"/>
						<line hits="0" number="50"/>
						<line hits="0" number="57"/>
						<line hits="0" number="58"/>
						<line hits="0" number="60"/>
						<line hits="0" number="62"/>
						<line hits="0" number="63"/>
						<line hits="0" number="64"/>
						<line hits="1" number="66"/>
						<line hits="0" number="67"/>
						<line hits="0" number="68"/>
						<line hits="0" number="69"/>
						<line hits="1" number="71"/>
						<line hits="0" number="72"/>
					</lines>
				</class>
			</classes>
		</package>
		<package branch-rate="0" complexity="0" line-rate="0.5789" name="ifunny.ext">
			<classes>
				<class branch-rate="0" complexity="0" filename="ifunny/ext/__init__.py" line-rate="1" name="__init__.py">
					<methods/>
					<lines/>
				</class>
				<class branch-rate="0" complexity="0" filename="ifunny/ext/commands.py" line-rate="0.5789" name="commands.py">
					<methods/>
					<lines>
						<line hits="1" number="1"/>
						<line hits="0" number="2"/>
						<line hits="1" number="4"/>
						<line hits="0" number="8"/>
						<line hits="0" number="9"/>
						<line hits="0" number="10"/>
						<line hits="0" number="11"/>
						<line hits="0" number="13"/>
						<line hits="1" number="15"/>
						<line hits="1" number="16"/>
						<line hits="1" number="17"/>
						<line hits="1" number="18"/>
						<line hits="1" number="19"/>
						<line hits="1" number="21"/>
						<line hits="0" number="22"/>
						<line hits="0" number="23"/>
						<line hits="1" number="25"/>
						<line hits="1" number="27"/>
						<line hits="1" number="29"/>
					</lines>
				</class>
			</classes>
		</package>
		<package branch-rate="0" complexity="0" line-rate="0.4877" name="ifunny.objects">
			<classes>
				<class branch-rate="0" complexity="0" filename="ifunny/objects/__init__.py" line-rate="1" name="__init__.py">
					<methods/>
					<lines>
						<line hits="1" number="1"/>
						<line hits="1" number="2"/>
						<line hits="1" number="3"/>
					</lines>
				</class>
				<class branch-rate="0" complexity="0" filename="ifunny/objects/_chat_app.py" line-rate="0.2642" name="_chat_app.py">
					<methods/>
					<lines>
						<line hits="1" number="1"/>
						<line hits="1" number="3"/>
						<line hits="1" number="4"/>
						<line hits="1" number="5"/>
						<line hits="1" number="8"/>
						<line hits="1" number="22"/>
						<line hits="1" number="23"/>
						<line hits="1" number="24"/>
						<line hits="1" number="25"/>
						<line hits="1" number="27"/>
						<line hits="0" number="28"/>
						<line hits="1" number="30"/>
						<line hits="0" number="31"/>
						<line hits="0" number="33"/>
						<line hits="0" number="39"/>
						<line hits="0" number="46"/>
						<line hits="1" number="48"/>
						<line hits="0" number="49"/>
						<line hits="0" number="50"/>
						<line hits="0" number="52"/>
						<line hits="0" number="60"/>
						<line hits="0" number="64"/>
						<line hits="0" number="65"/>
						<line hits="0" number="68"/>
						<line hits="0" number="69"/>
						<line hits="0" number="70"/>
						<line hits="0" number="75"/>
						<line hits="1" number="77"/>
						<line hits="0" number="78"/>
						<line hits="0" number="80"/>
						<line hits="0" number="81"/>
						<line hits="0" number="83"/>
						<line hits="0" number="84"/>
						<line hits="1" number="88"/>
						<line hits="0" number="99"/>
						<line hits="0" number="101"/>
						<line hits="0" number="106"/>
						<line hits="0" number="107"/>
						<line hits="0" number="110"/>
						<line hits="0" number="111"/>
						<line hits="0" number="113"/>
						<line hits="1" number="115"/>
						<line hits="0" number="126"/>
						<line hits="0" number="128"/>
						<line hits="0" number="133"/>
						<line hits="0" number="134"/>
						<line hits="0" number="137"/>
						<line hits="0" number="138"/>
						<line hits="0" number="140"/>
						<line hits="1" number="142"/>
						<line hits="0" number="149"/>
						<line hits="0" number="153"/>
						<line hits="1" number="155"/>
						<line hits="0" number="162"/>
						<line hits="0" number="166"/>
						<line hits="1" number="168"/>
						<line hits="0" number="175"/>
						<line hits="0" number="176"/>
						<line hits="0" number="179"/>
						<line hits="0" number="184"/>
						<line hits="0" number="186"/>
						<line hits="1" number="188"/>
						<line hits="0" number="200"/>
						<line hits="0" number="205"/>
						<line hits="0" number="209"/>
						<line hits="0" number="210"/>
						<line hits="0" number="212"/>
						<line hits="0" number="213"/>
						<line hits="0" number="215"/>
						<line hits="1" number="217"/>
						<line hits="0" number="227"/>
						<line hits="0" number="229"/>
						<line hits="0" number="234"/>
						<line hits="0" number="235"/>
						<line hits="0" number="238"/>
						<line hits="0" number="239"/>
						<line hits="0" number="241"/>
						<line hits="1" number="243"/>
						<line hits="0" number="257"/>
						<line hits="0" number="259"/>
						<line hits="0" number="260"/>
						<line hits="0" number="266"/>
						<line hits="1" number="268"/>
						<line hits="0" number="282"/>
						<line hits="0" number="284"/>
						<line hits="0" number="285"/>
						<line hits="0" number="291"/>
						<line hits="1" number="293"/>
						<line hits="0" number="308"/>
						<line hits="0" number="309"/>
						<line hits="0" number="312"/>
						<line hits="0" number="318"/>
						<line hits="0" number="321"/>
						<line hits="0" number="322"/>
						<line hits="0" number="324"/>
						<line hits="1" number="326"/>
						<line hits="0" number="345"/>
						<line hits="0" number="346"/>
						<line hits="0" number="349"/>
						<line hits="0" number="350"/>
						<line hits="0" number="351"/>
						<line hits="0" number="353"/>
						<line hits="0" number="377"/>
						<line hits="0" number="380"/>
						<line hits="0" number="381"/>
						<line hits="0" number="383"/>
						<line hits="1" number="387"/>
						<line hits="0" number="393"/>
						<line hits="1" number="395"/>
						<line hits="0" number="401"/>
						<line hits="1" number="405"/>
						<line hits="0" number="407"/>
						<line hits="0" number="409"/>
						<line hits="1" number="411"/>
						<line hits="0" number="417"/>
						<line hits="1" number="419"/>
						<line hits="0" number="425"/>
						<line hits="0" number="427"/>
						<line hits="0" number="428"/>
						<line hits="0" number="430"/>
						<line hits="1" number="432"/>
						<line hits="0" number="438"/>
						<line hits="0" number="440"/>
						<line hits="0" number="441"/>
						<line hits="0" number="443"/>
						<line hits="1" number="445"/>
						<line hits="0" number="451"/>
						<line hits="0" number="452"/>
						<line hits="1" number="454"/>
						<line hits="0" number="456"/>
						<line hits="0" number="458"/>
						<line hits="0" number="462"/>
						<line hits="1" number="464"/>
						<line hits="0" number="469"/>
						<line hits="1" number="471"/>
						<line hits="0" number="477"/>
						<line hits="1" number="479"/>
						<line hits="0" number="485"/>
						<line hits="0" number="486"/>
						<line hits="1" number="488"/>
						<line hits="0" number="490"/>
						<line hits="0" number="492"/>
						<line hits="0" number="496"/>
						<line hits="1" number="498"/>
						<line hits="0" number="504"/>
						<line hits="1" number="506"/>
						<line hits="0" number="511"/>
						<line hits="0" number="512"/>
						<line hits="0" number="514"/>
						<line hits="0" number="516"/>
						<line hits="1" number="521"/>
						<line hits="0" number="527"/>
						<line hits="1" number="529"/>
						<line hits="0" number="535"/>
						<line hits="1" number="537"/>
						<line hits="0" number="543"/>
						<line hits="1" number="545"/>
						<line hits="0" number="551"/>
						<line hits="1" number="553"/>
						<line hits="0" number="559"/>
						<line hits="1" number="563"/>
						<line hits="0" number="569"/>
						<line hits="1" number="572"/>
						<line hits="1" number="583"/>
						<line hits="0" number="590"/>
						<line hits="0" number="591"/>
						<line hits="0" number="592"/>
						<line hits="0" number="593"/>
						<line hits="1" number="595"/>
						<line hits="0" number="596"/>
						<line hits="0" number="597"/>
						<line hits="0" number="599"/>
						<line hits="1" number="603"/>
						<line hits="0" number="610"/>
						<line hits="0" number="612"/>
						<line hits="0" number="617"/>
						<line hits="0" number="618"/>
						<line hits="0" number="621"/>
						<line hits="0" number="622"/>
						<line hits="0" number="624"/>
						<line hits="1" number="626"/>
						<line hits="0" number="628"/>
						<line hits="0" number="629"/>
						<line hits="0" number="631"/>
						<line hits="0" number="636"/>
						<line hits="0" number="637"/>
						<line hits="0" number="639"/>
						<line hits="0" number="641"/>
						<line hits="1" number="643"/>
						<line hits="0" number="649"/>
						<line hits="1" number="651"/>
						<line hits="0" number="657"/>
						<line hits="1" number="659"/>
						<line hits="0" number="665"/>
						<line hits="1" number="667"/>
						<line hits="0" number="669"/>
						<line hits="1" number="672"/>
						<line hits="1" number="683"/>
						<line hits="0" number="684"/>
						<line hits="0" number="685"/>
						<line hits="0" number="687"/>
						<line hits="0" number="688"/>
						<line hits="0" number="689"/>
						<line hits="0" number="690"/>
						<line hits="1" number="692"/>
						<line hits="0" number="693"/>
						<line hits="1" number="695"/>
						<line hits="0" number="702"/>
						<line hits="0" number="703"/>
						<line hits="0" number="706"/>
						<line hits="0" number="708"/>
						<line hits="1" number="710"/>
						<line hits="0" number="716"/>
						<line hits="0" number="717"/>
						<line hits="0" number="721"/>
						<line hits="1" number="723"/>
						<line hits="0" number="729"/>
						<line hits="0" number="730"/>
						<line hits="0" number="732"/>
						<line hits="1" number="734"/>
						<line hits="0" number="740"/>
						<line hits="1" number="742"/>
						<line hits="0" number="748"/>
						<line hits="0" number="749"/>
						<line hits="0" number="751"/>
						<line hits="1" number="753"/>
						<line hits="0" number="759"/>
						<line hits="1" number="761"/>
						<line hits="0" number="767"/>
						<line hits="1" number="769"/>
						<line hits="0" number="775"/>
						<line hits="1" number="777"/>
						<line hits="0" number="783"/>
						<line hits="0" number="784"/>
						<line hits="0" number="786"/>
						<line hits="1" number="788"/>
						<line hits="0" number="794"/>
						<line hits="0" number="795"/>
						<line hits="0" number="797"/>
						<line hits="1" number="800"/>
						<line hits="0" number="806"/>
						<line hits="0" number="807"/>
						<line hits="0" number="809"/>
						<line hits="1" number="811"/>
						<line hits="0" number="817"/>
						<line hits="0" number="818"/>
						<line hits="0" number="820"/>
						<line hits="1" number="823"/>
						<line hits="1" number="835"/>
						<line hits="1" number="837"/>
						<line hits="0" number="838"/>
						<line hits="0" number="839"/>
						<line hits="0" number="840"/>
						<line hits="0" number="842"/>
						<line hits="0" number="843"/>
						<line hits="0" number="844"/>
						<line hits="0" number="845"/>
						<line hits="0" number="846"/>
						<line hits="1" number="848"/>
						<line hits="0" number="856"/>
						<line hits="0" number="857"/>
						<line hits="0" number="859"/>
						<line hits="0" number="861"/>
						<line hits="0" number="865"/>
						<line hits="0" number="866"/>
						<line hits="0" number="868"/>
						<line hits="0" number="869"/>
						<line hits="1" number="871"/>
						<line hits="0" number="876"/>
						<line hits="0" number="877"/>
						<line hits="0" number="879"/>
						<line hits="0" number="881"/>
						<line hits="1" number="885"/>
						<line hits="0" number="891"/>
						<line hits="0" number="892"/>
						<line hits="0" number="894"/>
						<line hits="1" number="896"/>
						<line hits="0" number="902"/>
						<line hits="0" number="903"/>
						<line hits="0" number="905"/>
						<line hits="1" number="907"/>
						<line hits="0" number="913"/>
						<line hits="0" number="914"/>
						<line hits="0" number="916"/>
						<line hits="1" number="918"/>
						<line hits="0" number="924"/>
						<line hits="0" number="925"/>
						<line hits="0" number="927"/>
						<line hits="0" number="928"/>
						<line hits="0" number="929"/>
						<line hits="0" number="931"/>
						<line hits="0" number="935"/>
						<line hits="1" number="937"/>
						<line hits="0" number="943"/>
						<line hits="0" number="944"/>
						<line hits="0" number="945"/>
						<line hits="0" number="950"/>
						<line hits="1" number="952"/>
						<line hits="0" number="958"/>
					</lines>
				</class>
				<class branch-rate="0" complexity="0" filename="ifunny/objects/_main_app.py" line-rate="0.5177" name="_main_app.py">
					<methods/>
					<lines>
						<line hits="1" number="1"/>
						<line hits="1" number="3"/>
						<line hits="1" number="5"/>
						<line hits="1" number="6"/>
						<line hits="1" number="7"/>
						<line hits="1" number="10"/>
						<line hits="1" number="24"/>
						<line hits="1" number="25"/>
						<line hits="1" number="26"/>
						<line hits="1" number="27"/>
						<line hits="1" number="28"/>
						<line hits="1" number="29"/>
						<line hits="1" number="31"/>
						<line hits="0" number="32"/>
						<line hits="1" number="36"/>
						<line hits="1" number="37"/>
						<line hits="1" number="38"/>
						<line hits="1" number="40"/>
						<line hits="1" number="48"/>
						<line hits="1" number="53"/>
						<line hits="1" number="55"/>
						<line hits="1" number="56"/>
						<line hits="1" number="58"/>
						<line hits="1" number="65"/>
						<line hits="1" number="70"/>
						<line hits="1" number="72"/>
						<line hits="1" number="73"/>
						<line hits="1" number="75"/>
						<line hits="1" number="82"/>
						<line hits="1" number="87"/>
						<line hits="1" number="89"/>
						<line hits="0" number="90"/>
						<line hits="0" number="97"/>
						<line hits="0" number="104"/>
						<line hits="1" number="108"/>
						<line hits="1" number="109"/>
						<line hits="1" number="122"/>
						<line hits="1" number="125"/>
						<line hits="0" number="126"/>
						<line hits="1" number="128"/>
						<line hits="0" number="129"/>
						<line hits="1" number="131"/>
						<line hits="1" number="132"/>
						<line hits="1" number="134"/>
						<line hits="0" number="141"/>
						<line hits="0" number="144"/>
						<line hits="0" number="145"/>
						<line hits="0" number="147"/>
						<line hits="1" number="149"/>
						<line hits="0" number="156"/>
						<line hits="0" number="159"/>
						<line hits="0" number="160"/>
						<line hits="0" number="162"/>
						<line hits="1" number="164"/>
						<line hits="0" number="176"/>
						<line hits="0" number="178"/>
						<line hits="0" number="179"/>
						<line hits="0" number="181"/>
						<line hits="0" number="183"/>
						<line hits="0" number="188"/>
						<line hits="0" number="189"/>
						<line hits="0" number="190"/>
						<line hits="0" number="192"/>
						<line hits="0" number="194"/>
						<line hits="1" number="196"/>
						<line hits="0" number="203"/>
						<line hits="0" number="205"/>
						<line hits="0" number="210"/>
						<line hits="0" number="211"/>
						<line hits="0" number="212"/>
						<line hits="0" number="214"/>
						<line hits="0" number="216"/>
						<line hits="1" number="218"/>
						<line hits="0" number="235"/>
						<line hits="0" number="237"/>
						<line hits="0" number="238"/>
						<line hits="0" number="241"/>
						<line hits="0" number="243"/>
						<line hits="0" number="247"/>
						<line hits="0" number="248"/>
						<line hits="0" number="250"/>
						<line hits="1" number="252"/>
						<line hits="0" number="259"/>
						<line hits="0" number="263"/>
						<line hits="0" number="264"/>
						<line hits="0" number="266"/>
						<line hits="1" number="268"/>
						<line hits="0" number="275"/>
						<line hits="0" number="279"/>
						<line hits="0" number="280"/>
						<line hits="0" number="282"/>
						<line hits="1" number="284"/>
						<line hits="0" number="296"/>
						<line hits="0" number="302"/>
						<line hits="0" number="306"/>
						<line hits="0" number="307"/>
						<line hits="0" number="309"/>
						<line hits="1" number="311"/>
						<line hits="0" number="323"/>
						<line hits="0" number="329"/>
						<line hits="0" number="333"/>
						<line hits="0" number="334"/>
						<line hits="0" number="336"/>
						<line hits="1" number="338"/>
						<line hits="0" number="350"/>
						<line hits="0" number="356"/>
						<line hits="0" number="360"/>
						<line hits="0" number="361"/>
						<line hits="0" number="363"/>
						<line hits="1" number="367"/>
						<line hits="1" number="374"/>
						<line hits="1" number="376"/>
						<line hits="1" number="383"/>
						<line hits="1" number="385"/>
						<line hits="1" number="392"/>
						<line hits="1" number="396"/>
						<line hits="0" number="398"/>
						<line hits="1" number="404"/>
						<line hits="1" number="410"/>
						<line hits="1" number="412"/>
						<line hits="0" number="418"/>
						<line hits="1" number="420"/>
						<line hits="1" number="426"/>
						<line hits="1" number="428"/>
						<line hits="1" number="434"/>
						<line hits="1" number="435"/>
						<line hits="0" number="437"/>
						<line hits="1" number="439"/>
						<line hits="1" number="445"/>
						<line hits="0" number="446"/>
						<line hits="1" number="448"/>
						<line hits="1" number="450"/>
						<line hits="1" number="456"/>
						<line hits="1" number="457"/>
						<line hits="0" number="459"/>
						<line hits="1" number="461"/>
						<line hits="1" number="467"/>
						<line hits="1" number="468"/>
						<line hits="0" number="470"/>
						<line hits="1" number="472"/>
						<line hits="1" number="478"/>
						<line hits="1" number="479"/>
						<line hits="0" number="481"/>
						<line hits="1" number="483"/>
						<line hits="1" number="489"/>
						<line hits="1" number="491"/>
						<line hits="1" number="497"/>
						<line hits="1" number="499"/>
						<line hits="1" number="505"/>
						<line hits="1" number="507"/>
						<line hits="1" number="513"/>
						<line hits="1" number="515"/>
						<line hits="1" number="521"/>
						<line hits="1" number="523"/>
						<line hits="1" number="529"/>
						<line hits="1" number="531"/>
						<line hits="1" number="537"/>
						<line hits="1" number="539"/>
						<line hits="1" number="545"/>
						<line hits="1" number="547"/>
						<line hits="1" number="548"/>
						<line hits="1" number="551"/>
						<line hits="1" number="553"/>
						<line hits="1" number="559"/>
						<line hits="1" number="561"/>
						<line hits="1" number="562"/>
						<line hits="1" number="565"/>
						<line hits="1" number="567"/>
						<line hits="1" number="573"/>
						<line hits="1" number="575"/>
						<line hits="0" number="581"/>
						<line hits="1" number="587"/>
						<line hits="0" number="589"/>
						<line hits="0" number="590"/>
						<line hits="0" number="592"/>
						<line hits="1" number="594"/>
						<line hits="0" number="596"/>
						<line hits="0" number="597"/>
						<line hits="0" number="599"/>
						<line hits="1" number="601"/>
						<line hits="0" number="603"/>
						<line hits="0" number="604"/>
						<line hits="0" number="606"/>
						<line hits="1" number="608"/>
						<line hits="0" number="614"/>
						<line hits="1" number="616"/>
						<line hits="0" number="622"/>
						<line hits="0" number="623"/>
						<line hits="0" number="624"/>
						<line hits="0" number="625"/>
						<line hits="0" number="627"/>
						<line hits="0" number="628"/>
						<line hits="0" number="630"/>
						<line hits="0" number="634"/>
						<line hits="0" number="636"/>
						<line hits="1" number="638"/>
						<line hits="0" number="644"/>
						<line hits="0" number="645"/>
						<line hits="0" number="646"/>
						<line hits="0" number="647"/>
						<line hits="0" number="649"/>
						<line hits="1" number="651"/>
						<line hits="0" number="657"/>
						<line hits="0" number="658"/>
						<line hits="0" number="659"/>
						<line hits="1" number="661"/>
						<line hits="0" number="664"/>
						<line hits="0" number="665"/>
						<line hits="0" number="667"/>
						<line hits="1" number="669"/>
						<line hits="0" number="675"/>
						<line hits="0" number="676"/>
						<line hits="0" number="677"/>
						<line hits="1" number="679"/>
						<line hits="0" number="685"/>
						<line hits="0" number="686"/>
						<line hits="0" number="687"/>
						<line hits="1" number="689"/>
						<line hits="0" number="695"/>
						<line hits="0" number="696"/>
						<line hits="0" number="697"/>
						<line hits="1" number="699"/>
						<line hits="0" number="705"/>
						<line hits="0" number="706"/>
						<line hits="0" number="707"/>
						<line hits="1" number="709"/>
						<line hits="0" number="715"/>
						<line hits="0" number="716"/>
						<line hits="0" number="717"/>
						<line hits="1" number="720"/>
						<line hits="1" number="734"/>
						<line hits="1" number="735"/>
						<line hits="1" number="736"/>
						<line hits="1" number="740"/>
						<line hits="1" number="741"/>
						<line hits="1" number="743"/>
						<line hits="1" number="750"/>
						<line hits="1" number="755"/>
						<line hits="1" number="757"/>
						<line hits="1" number="758"/>
						<line hits="1" number="760"/>
						<line hits="1" number="767"/>
						<line hits="1" number="772"/>
						<line hits="1" number="776"/>
						<line hits="0" number="793"/>
						<line hits="0" number="794"/>
						<line hits="0" number="797"/>
						<line hits="0" number="799"/>
						<line hits="0" number="800"/>
						<line hits="0" number="802"/>
						<line hits="0" number="803"/>
						<line hits="0" number="804"/>
						<line hits="0" number="807"/>
						<line hits="0" number="811"/>
						<line hits="0" number="813"/>
						<line hits="0" number="814"/>
						<line hits="0" number="815"/>
						<line hits="0" number="817"/>
						<line hits="0" number="818"/>
						<line hits="0" number="821"/>
						<line hits="0" number="823"/>
						<line hits="0" number="827"/>
						<line hits="0" number="828"/>
						<line hits="0" number="830"/>
						<line hits="0" number="832"/>
						<line hits="0" number="833"/>
						<line hits="0" number="837"/>
						<line hits="1" number="841"/>
						<line hits="0" number="848"/>
						<line hits="0" number="850"/>
						<line hits="0" number="851"/>
						<line hits="0" number="853"/>
						<line hits="1" number="855"/>
						<line hits="0" number="862"/>
						<line hits="0" number="865"/>
						<line hits="0" number="866"/>
						<line hits="0" number="868"/>
						<line hits="1" number="870"/>
						<line hits="0" number="877"/>
						<line hits="0" number="880"/>
						<line hits="0" number="881"/>
						<line hits="0" number="883"/>
						<line hits="1" number="885"/>
						<line hits="0" number="892"/>
						<line hits="0" number="895"/>
						<line hits="0" number="896"/>
						<line hits="0" number="898"/>
						<line hits="1" number="900"/>
						<line hits="0" number="907"/>
						<line hits="0" number="910"/>
						<line hits="0" number="911"/>
						<line hits="0" number="913"/>
						<line hits="0" number="914"/>
						<line hits="0" number="916"/>
						<line hits="1" number="919"/>
						<line hits="0" number="927"/>
						<line hits="0" number="930"/>
						<line hits="0" number="931"/>
						<line hits="0" number="933"/>
						<line hits="0" number="934"/>
						<line hits="0" number="936"/>
						<line hits="1" number="938"/>
						<line hits="0" number="955"/>
						<line hits="0" number="957"/>
						<line hits="0" number="958"/>
						<line hits="0" number="960"/>
						<line hits="0" number="961"/>
						<line hits="0" number="964"/>
						<line hits="0" number="966"/>
						<line hits="0" number="970"/>
						<line hits="0" number="971"/>
						<line hits="0" number="973"/>
						<line hits="1" number="975"/>
						<line hits="0" number="991"/>
						<line hits="0" number="992"/>
						<line hits="0" number="996"/>
						<line hits="0" number="998"/>
						<line hits="0" number="1000"/>
						<line hits="0" number="1004"/>
						<line hits="0" number="1005"/>
						<line hits="0" number="1007"/>
						<line hits="1" number="1009"/>
						<line hits="0" number="1018"/>
						<line hits="0" number="1020"/>
						<line hits="0" number="1021"/>
						<line hits="0" number="1023"/>
						<line hits="1" number="1025"/>
						<line hits="0" number="1035"/>
						<line hits="0" number="1037"/>
						<line hits="0" number="1038"/>
						<line hits="0" number="1040"/>
						<line hits="1" number="1042"/>
						<line hits="0" number="1051"/>
						<line hits="0" number="1054"/>
						<line hits="0" number="1055"/>
						<line hits="0" number="1057"/>
						<line hits="1" number="1059"/>
						<line hits="0" number="1071"/>
						<line hits="0" number="1072"/>
						<line hits="0" number="1074"/>
						<line hits="0" number="1080"/>
						<line hits="0" number="1084"/>
						<line hits="0" number="1085"/>
						<line hits="0" number="1087"/>
						<line hits="1" number="1089"/>
						<line hits="0" number="1101"/>
						<line hits="0" number="1102"/>
						<line hits="0" number="1104"/>
						<line hits="0" number="1105"/>
						<line hits="0" number="1107"/>
						<line hits="0" number="1109"/>
						<line hits="0" number="1113"/>
						<line hits="0" number="1114"/>
						<line hits="0" number="1116"/>
						<line hits="1" number="1118"/>
						<line hits="0" number="1125"/>
						<line hits="1" number="1130"/>
						<line hits="1" number="1137"/>
						<line hits="1" number="1139"/>
						<line hits="1" number="1146"/>
						<line hits="1" number="1150"/>
						<line hits="1" number="1152"/>
						<line hits="1" number="1153"/>
						<line hits="1" number="1154"/>
						<line hits="1" number="1160"/>
						<line hits="1" number="1166"/>
						<line hits="1" number="1167"/>
						<line hits="0" number="1169"/>
						<line hits="1" number="1171"/>
						<line hits="1" number="1177"/>
						<line hits="1" number="1178"/>
						<line hits="1" number="1180"/>
						<line hits="1" number="1182"/>
						<line hits="1" number="1188"/>
						<line hits="0" number="1189"/>
						<line hits="1" number="1191"/>
						<line hits="1" number="1193"/>
						<line hits="1" number="1199"/>
						<line hits="1" number="1200"/>
						<line hits="1" number="1202"/>
						<line hits="1" number="1204"/>
						<line hits="1" number="1210"/>
						<line hits="1" number="1211"/>
						<line hits="0" number="1213"/>
						<line hits="1" number="1215"/>
						<line hits="1" number="1221"/>
						<line hits="1" number="1222"/>
						<line hits="1" number="1224"/>
						<line hits="1" number="1226"/>
						<line hits="1" number="1232"/>
						<line hits="1" number="1233"/>
						<line hits="1" number="1235"/>
						<line hits="1" number="1237"/>
						<line hits="1" number="1243"/>
						<line hits="1" number="1244"/>
						<line hits="1" number="1246"/>
						<line hits="1" number="1252"/>
						<line hits="1" number="1254"/>
						<line hits="1" number="1255"/>
						<line hits="1" number="1257"/>
						<line hits="1" number="1259"/>
						<line hits="1" number="1265"/>
						<line hits="1" number="1267"/>
						<line hits="1" number="1273"/>
						<line hits="1" number="1275"/>
						<line hits="1" number="1281"/>
						<line hits="1" number="1283"/>
						<line hits="0" number="1285"/>
						<line hits="0" number="1286"/>
						<line hits="0" number="1288"/>
						<line hits="1" number="1290"/>
						<line hits="1" number="1296"/>
						<line hits="1" number="1298"/>
						<line hits="1" number="1304"/>
						<line hits="1" number="1306"/>
						<line hits="1" number="1312"/>
						<line hits="1" number="1314"/>
						<line hits="0" number="1316"/>
						<line hits="0" number="1317"/>
						<line hits="0" number="1319"/>
						<line hits="0" number="1320"/>
						<line hits="0" number="1322"/>
						<line hits="1" number="1324"/>
						<line hits="1" number="1330"/>
						<line hits="1" number="1332"/>
						<line hits="0" number="1334"/>
						<line hits="1" number="1336"/>
						<line hits="1" number="1342"/>
						<line hits="1" number="1344"/>
						<line hits="1" number="1350"/>
						<line hits="1" number="1352"/>
						<line hits="1" number="1358"/>
						<line hits="1" number="1360"/>
						<line hits="1" number="1366"/>
						<line hits="1" number="1368"/>
						<line hits="1" number="1374"/>
						<line hits="1" number="1376"/>
						<line hits="1" number="1382"/>
						<line hits="1" number="1384"/>
						<line hits="1" number="1390"/>
						<line hits="1" number="1394"/>
						<line hits="0" number="1400"/>
						<line hits="1" number="1402"/>
						<line hits="0" number="1404"/>
						<line hits="0" number="1405"/>
						<line hits="0" number="1407"/>
						<line hits="1" number="1409"/>
						<line hits="0" number="1415"/>
						<line hits="1" number="1417"/>
						<line hits="0" number="1419"/>
						<line hits="0" number="1420"/>
						<line hits="0" number="1422"/>
						<line hits="1" number="1424"/>
						<line hits="0" number="1430"/>
						<line hits="1" number="1432"/>
						<line hits="0" number="1434"/>
						<line hits="0" number="1435"/>
						<line hits="0" number="1437"/>
						<line hits="1" number="1440"/>
						<line hits="1" number="1454"/>
						<line hits="1" number="1455"/>
						<line hits="1" number="1456"/>
						<line hits="1" number="1458"/>
						<line hits="0" number="1459"/>
						<line hits="1" number="1461"/>
						<line hits="1" number="1463"/>
						<line hits="1" number="1465"/>
						<line hits="0" number="1467"/>
						<line hits="1" number="1469"/>
						<line hits="1" number="1470"/>
						<line hits="1" number="1472"/>
						<line hits="1" number="1479"/>
						<line hits="1" number="1487"/>
						<line hits="1" number="1491"/>
						<line hits="0" number="1510"/>
						<line hits="0" number="1511"/>
						<line hits="0" number="1514"/>
						<line hits="0" number="1516"/>
						<line hits="0" number="1517"/>
						<line hits="0" number="1519"/>
						<line hits="0" number="1520"/>
						<line hits="0" number="1521"/>
						<line hits="0" number="1524"/>
						<line hits="0" number="1528"/>
						<line hits="0" number="1530"/>
						<line hits="0" number="1531"/>
						<line hits="0" number="1532"/>
						<line hits="0" number="1534"/>
						<line hits="0" number="1535"/>
						<line hits="0" number="1538"/>
						<line hits="0" number="1540"/>
						<line hits="0" number="1544"/>
						<line hits="0" number="1545"/>
						<line hits="0" number="1547"/>
						<line hits="0" number="1549"/>
						<line hits="0" number="1550"/>
						<line hits="0" number="1554"/>
						<line hits="1" number="1558"/>
						<line hits="0" number="1567"/>
						<line hits="0" number="1570"/>
						<line hits="1" number="1572"/>
						<line hits="0" number="1579"/>
						<line hits="0" number="1582"/>
						<line hits="0" number="1583"/>
						<line hits="0" number="1585"/>
						<line hits="1" number="1587"/>
						<line hits="0" number="1594"/>
						<line hits="0" number="1597"/>
						<line hits="0" number="1598"/>
						<line hits="0" number="1600"/>
						<line hits="1" number="1602"/>
						<line hits="0" number="1609"/>
						<line hits="0" number="1612"/>
						<line hits="0" number="1613"/>
						<line hits="0" number="1615"/>
						<line hits="1" number="1617"/>
						<line hits="0" number="1624"/>
						<line hits="0" number="1627"/>
						<line hits="0" number="1628"/>
						<line hits="0" number="1630"/>
						<line hits="1" number="1632"/>
						<line hits="0" number="1649"/>
						<line hits="0" number="1651"/>
						<line hits="0" number="1652"/>
						<line hits="0" number="1655"/>
						<line hits="0" number="1657"/>
						<line hits="0" number="1661"/>
						<line hits="0" number="1662"/>
						<line hits="0" number="1664"/>
						<line hits="1" number="1668"/>
						<line hits="1" number="1674"/>
						<line hits="1" number="1675"/>
						<line hits="1" number="1676"/>
						<line hits="1" number="1678"/>
						<line hits="1" number="1679"/>
						<line hits="1" number="1681"/>
						<line hits="1" number="1683"/>
						<line hits="1" number="1689"/>
						<line hits="1" number="1690"/>
						<line hits="1" number="1691"/>
						<line hits="1" number="1693"/>
						<line hits="1" number="1699"/>
						<line hits="0" number="1700"/>
						<line hits="1" number="1702"/>
						<line hits="1" number="1708"/>
						<line hits="1" number="1714"/>
						<line hits="1" number="1715"/>
						<line hits="1" number="1717"/>
						<line hits="1" number="1723"/>
						<line hits="1" number="1724"/>
						<line hits="1" number="1726"/>
						<line hits="1" number="1727"/>
						<line hits="0" number="1729"/>
						<line hits="0" number="1730"/>
						<line hits="0" number="1732"/>
						<line hits="1" number="1734"/>
						<line hits="1" number="1740"/>
						<line hits="1" number="1742"/>
						<line hits="1" number="1748"/>
						<line hits="1" number="1749"/>
						<line hits="1" number="1751"/>
						<line hits="1" number="1757"/>
						<line hits="1" number="1759"/>
						<line hits="1" number="1765"/>
						<line hits="0" number="1766"/>
						<line hits="1" number="1768"/>
						<line hits="1" number="1774"/>
						<line hits="1" number="1780"/>
						<line hits="0" number="1781"/>
						<line hits="1" number="1783"/>
						<line hits="1" number="1787"/>
						<line hits="1" number="1793"/>
						<line hits="0" number="1794"/>
						<line hits="1" number="1796"/>
						<line hits="1" number="1798"/>
						<line hits="1" number="1804"/>
						<line hits="0" number="1805"/>
						<line hits="1" number="1807"/>
						<line hits="1" number="1809"/>
						<line hits="1" number="1815"/>
						<line hits="1" number="1816"/>
						<line hits="0" number="1818"/>
						<line hits="1" number="1820"/>
						<line hits="0" number="1826"/>
						<line hits="1" number="1828"/>
						<line hits="1" number="1834"/>
						<line hits="1" number="1835"/>
						<line hits="1" number="1837"/>
						<line hits="1" number="1839"/>
						<line hits="1" number="1845"/>
						<line hits="1" number="1847"/>
						<line hits="0" number="1853"/>
						<line hits="1" number="1855"/>
						<line hits="1" number="1861"/>
						<line hits="1" number="1863"/>
						<line hits="1" number="1869"/>
						<line hits="1" number="1871"/>
						<line hits="0" number="1872"/>
						<line hits="1" number="1874"/>
						<line hits="1" number="1876"/>
						<line hits="1" number="1882"/>
						<line hits="1" number="1884"/>
						<line hits="0" number="1885"/>
						<line hits="1" number="1887"/>
						<line hits="1" number="1891"/>
						<line hits="0" number="1897"/>
						<line hits="1" number="1899"/>
						<line hits="0" number="1905"/>
						<line hits="1" number="1908"/>
						<line hits="1" number="1919"/>
						<line hits="0" number="1920"/>
						<line hits="0" number="1921"/>
						<line hits="0" number="1923"/>
						<line hits="1" number="1925"/>
						<line hits="0" number="1931"/>
						<line hits="0" number="1933"/>
						<line hits="0" number="1934"/>
						<line hits="0" number="1936"/>
						<line hits="1" number="1938"/>
						<line hits="0" number="1944"/>
						<line hits="0" number="1946"/>
						<line hits="0" number="1947"/>
						<line hits="0" number="1949"/>
						<line hits="1" number="1951"/>
						<line hits="0" number="1957"/>
						<line hits="0" number="1958"/>
						<line hits="0" number="1960"/>
						<line hits="0" number="1962"/>
						<line hits="0" number="1963"/>
						<line hits="0" number="1965"/>
						<line hits="0" number="1967"/>
						<line hits="0" number="1968"/>
						<line hits="0" number="1969"/>
						<line hits="0" number="1975"/>
						<line hits="1" number="1980"/>
						<line hits="0" number="1986"/>
						<line hits="1" number="1988"/>
						<line hits="0" number="1994"/>
						<line hits="1" number="1997"/>
						<line hits="1" number="1998"/>
						<line hits="1" number="2010"/>
						<line hits="1" number="2011"/>
						<line hits="1" number="2013"/>
						<line hits="0" number="2015"/>
						<line hits="1" number="2017"/>
						<line hits="1" number="2018"/>
						<line hits="1" number="2025"/>
						<line hits="1" number="2030"/>
						<line hits="1" number="2032"/>
						<line hits="0" number="2033"/>
						<line hits="1" number="2035"/>
						<line hits="1" number="2044"/>
						<line hits="1" number="2047"/>
						<line hits="1" number="2062"/>
						<line hits="1" number="2063"/>
						<line hits="1" number="2064"/>
						<line hits="1" number="2065"/>
						<line hits="1" number="2066"/>
						<line hits="1" number="2068"/>
						<line hits="1" number="2070"/>
						<line hits="1" number="2071"/>
						<line hits="1" number="2073"/>
						<line hits="1" number="2078"/>
						<line hits="1" number="2082"/>
						<line hits="0" number="2083"/>
						<line hits="0" number="2084"/>
						<line hits="1" number="2086"/>
						<line hits="1" number="2087"/>
						<line hits="0" number="2088"/>
						<line hits="0" number="2089"/>
						<line hits="1" number="2092"/>
						<line hits="1" number="2094"/>
						<line hits="0" number="2095"/>
						<line hits="1" number="2097"/>
						<line hits="0" number="2098"/>
						<line hits="1" number="2102"/>
						<line hits="1" number="2114"/>
						<line hits="1" number="2115"/>
						<line hits="1" number="2118"/>
						<line hits="0" number="2119"/>
						<line hits="1" number="2121"/>
						<line hits="1" number="2125"/>
						<line hits="1" number="2131"/>
						<line hits="1" number="2133"/>
						<line hits="1" number="2134"/>
						<line hits="1" number="2136"/>
						<line hits="0" number="2142"/>
						<line hits="0" number="2144"/>
						<line hits="0" number="2145"/>
						<line hits="0" number="2146"/>
						<line hits="0" number="2149"/>
						<line hits="1" number="2152"/>
						<line hits="1" number="2158"/>
						<line hits="1" number="2160"/>
						<line hits="1" number="2166"/>
						<line hits="1" number="2168"/>
						<line hits="1" number="2174"/>
						<line hits="1" number="2176"/>
						<line hits="1" number="2182"/>
						<line hits="1" number="2184"/>
						<line hits="0" number="2190"/>
						<line hits="1" number="2192"/>
						<line hits="1" number="2198"/>
						<line hits="1" number="2200"/>
						<line hits="1" number="2206"/>
						<line hits="1" number="2208"/>
						<line hits="1" number="2213"/>
					</lines>
				</class>
				<class branch-rate="0" complexity="0" filename="ifunny/objects/_mixin.py" line-rate="0.7197" name="_mixin.py">
					<methods/>
					<lines>
						<line hits="1" number="1"/>
						<line hits="1" number="3"/>
						<line hits="1" number="4"/>
						<line hits="1" number="5"/>
						<line hits="1" number="6"/>
						<line hits="1" number="8"/>
						<line hits="1" number="9"/>
						<line hits="1" number="12"/>
						<line hits="1" number="23"/>
						<line hits="1" number="24"/>
						<line hits="1" number="25"/>
						<line hits="1" number="26"/>
						<line hits="1" number="27"/>
						<line hits="1" number="28"/>
						<line hits="1" number="29"/>
						<line hits="1" number="31"/>
						<line hits="1" number="33"/>
						<line hits="1" number="34"/>
						<line hits="1" number="37"/>
						<line hits="1" number="38"/>
						<line hits="1" number="39"/>
						<line hits="1" number="42"/>
						<line hits="1" number="43"/>
						<line hits="1" number="46"/>
						<line hits="1" number="48"/>
						<line hits="1" number="49"/>
						<line hits="1" number="51"/>
						<line hits="1" number="52"/>
						<line hits="1" number="53"/>
						<line hits="1" number="55"/>
						<line hits="1" number="56"/>
						<line hits="1" number="57"/>
						<line hits="1" number="61"/>
						<line hits="1" number="65"/>
						<line hits="1" number="67"/>
						<line hits="1" number="68"/>
						<line hits="1" number="70"/>
						<line hits="1" number="72"/>
						<line hits="0" number="73"/>
						<line hits="0" number="80"/>
						<line hits="0" number="82"/>
						<line hits="0" number="86"/>
						<line hits="0" number="93"/>
						<line hits="0" number="94"/>
						<line hits="0" number="95"/>
						<line hits="0" number="98"/>
						<line hits="0" number="99"/>
						<line hits="0" number="101"/>
						<line hits="0" number="103"/>
						<line hits="1" number="105"/>
						<line hits="0" number="113"/>
						<line hits="0" number="114"/>
						<line hits="1" number="116"/>
						<line hits="1" number="124"/>
						<line hits="1" number="125"/>
						<line hits="1" number="127"/>
						<line hits="1" number="128"/>
						<line hits="1" number="129"/>
						<line hits="1" number="130"/>
						<line hits="1" number="131"/>
						<line hits="1" number="134"/>
						<line hits="1" number="136"/>
						<line hits="1" number="138"/>
						<line hits="1" number="146"/>
						<line hits="1" number="151"/>
						<line hits="0" number="152"/>
						<line hits="0" number="153"/>
						<line hits="0" number="160"/>
						<line hits="0" number="164"/>
						<line hits="1" number="167"/>
						<line hits="0" number="179"/>
						<line hits="0" number="181"/>
						<line hits="0" number="194"/>
						<line hits="0" number="196"/>
						<line hits="0" number="200"/>
						<line hits="0" number="201"/>
						<line hits="0" number="203"/>
						<line hits="0" number="205"/>
						<line hits="0" number="207"/>
						<line hits="1" number="216"/>
						<line hits="0" number="217"/>
						<line hits="0" number="218"/>
						<line hits="0" number="225"/>
						<line hits="0" number="230"/>
						<line hits="1" number="232"/>
						<line hits="1" number="233"/>
						<line hits="1" number="234"/>
						<line hits="1" number="242"/>
						<line hits="1" number="247"/>
						<line hits="1" number="249"/>
						<line hits="1" number="250"/>
						<line hits="1" number="251"/>
						<line hits="1" number="258"/>
						<line hits="1" number="263"/>
						<line hits="1" number="265"/>
						<line hits="1" number="266"/>
						<line hits="1" number="274"/>
						<line hits="1" number="275"/>
						<line hits="1" number="277"/>
						<line hits="1" number="282"/>
						<line hits="1" number="284"/>
						<line hits="1" number="289"/>
						<line hits="1" number="290"/>
						<line hits="1" number="298"/>
						<line hits="1" number="303"/>
						<line hits="1" number="305"/>
						<line hits="1" number="310"/>
						<line hits="1" number="311"/>
						<line hits="1" number="319"/>
						<line hits="1" number="324"/>
						<line hits="1" number="326"/>
						<line hits="1" number="331"/>
						<line hits="1" number="332"/>
						<line hits="1" number="340"/>
						<line hits="1" number="345"/>
						<line hits="1" number="347"/>
						<line hits="1" number="358"/>
						<line hits="1" number="360"/>
						<line hits="1" number="371"/>
						<line hits="1" number="373"/>
						<line hits="1" number="384"/>
						<line hits="1" number="386"/>
						<line hits="1" number="390"/>
						<line hits="1" number="393"/>
						<line hits="0" number="394"/>
						<line hits="1" number="396"/>
						<line hits="0" number="406"/>
						<line hits="0" number="408"/>
						<line hits="0" number="412"/>
						<line hits="0" number="413"/>
						<line hits="0" number="415"/>
						<line hits="1" number="417"/>
						<line hits="0" number="427"/>
						<line hits="0" number="429"/>
						<line hits="0" number="433"/>
						<line hits="0" number="434"/>
						<line hits="0" number="436"/>
						<line hits="1" number="438"/>
						<line hits="0" number="447"/>
						<line hits="1" number="450"/>
						<line hits="0" number="459"/>
						<line hits="1" number="462"/>
						<line hits="0" number="468"/>
						<line hits="1" number="470"/>
						<line hits="1" number="479"/>
						<line hits="1" number="481"/>
						<line hits="1" number="490"/>
						<line hits="1" number="492"/>
						<line hits="1" number="498"/>
						<line hits="1" number="500"/>
						<line hits="1" number="506"/>
						<line hits="1" number="508"/>
						<line hits="0" number="509"/>
						<line hits="1" number="511"/>
						<line hits="1" number="517"/>
						<line hits="1" number="523"/>
						<line hits="1" number="526"/>
						<line hits="0" number="527"/>
						<line hits="1" number="529"/>
						<line hits="1" number="534"/>
						<line hits="1" number="536"/>
						<line hits="1" number="538"/>
						<line hits="1" number="544"/>
						<line hits="1" number="546"/>
						<line hits="0" number="547"/>
						<line hits="1" number="549"/>
						<line hits="1" number="551"/>
						<line hits="1" number="557"/>
						<line hits="1" number="559"/>
						<line hits="1" number="565"/>
						<line hits="1" number="567"/>
						<line hits="0" number="573"/>
						<line hits="1" number="575"/>
						<line hits="0" number="581"/>
						<line hits="1" number="584"/>
						<line hits="1" number="599"/>
						<line hits="1" number="601"/>
						<line hits="1" number="606"/>
						<line hits="1" number="607"/>
						<line hits="1" number="609"/>
						<line hits="1" number="610"/>
						<line hits="1" number="612"/>
						<line hits="1" number="614"/>
						<line hits="1" number="616"/>
						<line hits="1" number="617"/>
						<line hits="1" number="619"/>
						<line hits="1" number="620"/>
						<line hits="1" number="621"/>
						<line hits="1" number="623"/>
						<line hits="1" number="625"/>
						<line hits="1" number="626"/>
						<line hits="1" number="628"/>
						<line hits="1" number="630"/>
						<line hits="1" number="631"/>
						<line hits="1" number="632"/>
						<line hits="1" number="634"/>
						<line hits="1" number="635"/>
						<line hits="0" number="636"/>
						<line hits="0" number="637"/>
						<line hits="1" number="640"/>
						<line hits="1" number="642"/>
						<line hits="1" number="648"/>
						<line hits="1" number="649"/>
						<line hits="1" number="651"/>
						<line hits="0" number="657"/>
						<line hits="1" number="659"/>
						<line hits="1" number="661"/>
						<line hits="1" number="662"/>
						<line hits="1" number="665"/>
						<line hits="1" number="684"/>
						<line hits="1" number="691"/>
						<line hits="1" number="695"/>
						<line hits="1" number="696"/>
						<line hits="1" number="698"/>
						<line hits="1" number="700"/>
						<line hits="1" number="701"/>
						<line hits="1" number="702"/>
						<line hits="1" number="704"/>
						<line hits="1" number="705"/>
						<line hits="0" number="706"/>
						<line hits="0" number="707"/>
						<line hits="1" number="710"/>
						<line hits="1" number="713"/>
						<line hits="1" number="728"/>
						<line hits="1" number="733"/>
						<line hits="1" number="738"/>
						<line hits="0" number="740"/>
						<line hits="0" number="741"/>
						<line hits="0" number="742"/>
						<line hits="0" number="745"/>
						<line hits="0" number="746"/>
						<line hits="0" number="749"/>
						<line hits="0" number="750"/>
						<line hits="0" number="751"/>
						<line hits="0" number="753"/>
						<line hits="0" number="754"/>
						<line hits="0" number="755"/>
						<line hits="0" number="756"/>
						<line hits="0" number="759"/>
					</lines>
				</class>
				<class branch-rate="0" complexity="0" filename="ifunny/objects/_small.py" line-rate="0.4237" name="_small.py">
					<methods/>
					<lines>
						<line hits="1" number="1"/>
						<line hits="1" number="2"/>
						<line hits="1" number="3"/>
						<line hits="1" number="6"/>
						<line hits="1" number="18"/>
						<line hits="1" number="19"/>
						<line hits="1" number="20"/>
						<line hits="1" number="21"/>
						<line hits="1" number="23"/>
						<line hits="0" number="29"/>
						<line hits="1" number="32"/>
						<line hits="1" number="44"/>
						<line hits="0" number="45"/>
						<line hits="0" number="46"/>
						<line hits="0" number="47"/>
						<line hits="1" number="49"/>
						<line hits="0" number="50"/>
						<line hits="0" number="51"/>
						<line hits="0" number="53"/>
						<line hits="0" number="54"/>
						<line hits="1" number="56"/>
						<line hits="0" number="58"/>
						<line hits="0" number="59"/>
						<line hits="0" number="61"/>
						<line hits="1" number="63"/>
						<line hits="0" number="69"/>
						<line hits="0" number="70"/>
						<line hits="1" number="72"/>
						<line hits="0" number="74"/>
						<line hits="1" number="76"/>
						<line hits="0" number="78"/>
						<line hits="1" number="80"/>
						<line hits="0" number="82"/>
						<line hits="1" number="84"/>
						<line hits="0" number="90"/>
						<line hits="1" number="92"/>
						<line hits="0" number="98"/>
						<line hits="1" number="100"/>
						<line hits="0" number="106"/>
						<line hits="1" number="108"/>
						<line hits="0" number="114"/>
						<line hits="1" number="116"/>
						<line hits="0" number="122"/>
						<line hits="1" number="124"/>
						<line hits="0" number="130"/>
						<line hits="1" number="132"/>
						<line hits="0" number="138"/>
						<line hits="1" number="140"/>
						<line hits="0" number="146"/>
						<line hits="1" number="149"/>
						<line hits="1" number="154"/>
						<line hits="0" number="155"/>
						<line hits="0" number="156"/>
						<line hits="0" number="158"/>
						<line hits="0" number="159"/>
						<line hits="0" number="161"/>
						<line hits="0" number="162"/>
						<line hits="0" number="164"/>
						<line hits="0" number="165"/>
						<line hits="1" number="167"/>
						<line hits="0" number="168"/>
						<line hits="0" number="169"/>
						<line hits="0" number="171"/>
						<line hits="1" number="173"/>
						<line hits="0" number="179"/>
						<line hits="1" number="181"/>
						<line hits="0" number="187"/>
						<line hits="1" number="189"/>
						<line hits="0" number="195"/>
						<line hits="1" number="197"/>
						<line hits="0" number="203"/>
						<line hits="1" number="205"/>
						<line hits="0" number="211"/>
						<line hits="1" number="213"/>
						<line hits="0" number="219"/>
						<line hits="1" number="221"/>
						<line hits="0" number="227"/>
						<line hits="1" number="229"/>
						<line hits="0" number="235"/>
						<line hits="1" number="237"/>
						<line hits="0" number="243"/>
						<line hits="1" number="245"/>
						<line hits="0" number="251"/>
						<line hits="1" number="254"/>
						<line hits="1" number="259"/>
						<line hits="0" number="260"/>
						<line hits="0" number="261"/>
						<line hits="0" number="262"/>
						<line hits="0" number="263"/>
						<line hits="1" number="265"/>
						<line hits="0" number="266"/>
						<line hits="0" number="267"/>
						<line hits="0" number="269"/>
						<line hits="1" number="271"/>
						<line hits="0" number="272"/>
						<line hits="0" number="273"/>
						<line hits="0" number="274"/>
						<line hits="0" number="276"/>
						<line hits="1" number="278"/>
						<line hits="0" number="280"/>
						<line hits="1" number="282"/>
						<line hits="0" number="284"/>
						<line hits="1" number="286"/>
						<line hits="0" number="292"/>
						<line hits="1" number="297"/>
						<line hits="0" number="303"/>
						<line hits="1" number="305"/>
						<line hits="0" number="311"/>
						<line hits="1" number="313"/>
						<line hits="0" number="319"/>
						<line hits="1" number="321"/>
						<line hits="0" number="327"/>
						<line hits="1" number="329"/>
						<line hits="0" number="335"/>
						<line hits="1" number="337"/>
						<line hits="0" number="343"/>
						<line hits="1" number="345"/>
						<line hits="0" number="351"/>
						<line hits="1" number="353"/>
						<line hits="0" number="359"/>
						<line hits="1" number="361"/>
						<line hits="0" number="367"/>
						<line hits="1" number="369"/>
						<line hits="0" number="375"/>
						<line hits="1" number="377"/>
						<line hits="0" number="383"/>
						<line hits="1" number="385"/>
						<line hits="0" number="391"/>
						<line hits="1" number="394"/>
						<line hits="1" number="406"/>
						<line hits="0" number="407"/>
						<line hits="0" number="408"/>
						<line hits="0" number="409"/>
						<line hits="0" number="410"/>
						<line hits="1" number="412"/>
						<line hits="0" number="413"/>
						<line hits="0" number="414"/>
						<line hits="0" number="415"/>
						<line hits="0" number="416"/>
						<line hits="1" number="418"/>
						<line hits="0" number="420"/>
						<line hits="0" number="421"/>
						<line hits="0" number="423"/>
						<line hits="1" number="425"/>
						<line hits="0" number="427"/>
						<line hits="1" number="429"/>
						<line hits="0" number="435"/>
						<line hits="0" number="436"/>
						<line hits="1" number="438"/>
						<line hits="0" number="444"/>
						<line hits="1" number="446"/>
						<line hits="0" number="452"/>
						<line hits="1" number="455"/>
						<line hits="1" number="465"/>
						<line hits="0" number="466"/>
						<line hits="0" number="467"/>
						<line hits="1" number="469"/>
						<line hits="0" number="470"/>
						<line hits="0" number="471"/>
						<line hits="0" number="473"/>
						<line hits="0" number="474"/>
						<line hits="1" number="476"/>
						<line hits="0" number="478"/>
						<line hits="0" number="479"/>
						<line hits="0" number="481"/>
						<line hits="1" number="483"/>
						<line hits="0" number="489"/>
						<line hits="1" number="491"/>
						<line hits="0" number="497"/>
						<line hits="1" number="499"/>
						<line hits="0" number="505"/>
						<line hits="1" number="507"/>
						<line hits="0" number="513"/>
						<line hits="1" number="515"/>
						<line hits="0" number="521"/>
						<line hits="1" number="523"/>
						<line hits="0" number="529"/>
					</lines>
				</class>
			</classes>
		</package>
		<package branch-rate="0" complexity="0" line-rate="0.663" name="ifunny.util">
			<classes>
				<class branch-rate="0" complexity="0" filename="ifunny/util/__init__.py" line-rate="1" name="__init__.py">
					<methods/>
					<lines/>
				</class>
				<class branch-rate="0" complexity="0" filename="ifunny/util/exceptions.py" line-rate="0.6667" name="exceptions.py">
					<methods/>
					<lines>
						<line hits="1" number="1"/>
						<line hits="1" number="2"/>
						<line hits="0" number="3"/>
						<line hits="1" number="6"/>
						<line hits="1" number="7"/>
						<line hits="0" number="8"/>
						<line hits="1" number="11"/>
						<line hits="1" number="12"/>
						<line hits="0" number="13"/>
						<line hits="1" number="16"/>
						<line hits="1" number="17"/>
						<line hits="0" number="18"/>
						<line hits="1" number="21"/>
						<line hits="1" number="22"/>
						<line hits="0" number="23"/>
						<line hits="1" number="26"/>
						<line hits="1" number="27"/>
						<line hits="0" number="28"/>
						<line hits="1" number="31"/>
						<line hits="1" number="32"/>
						<line hits="0" number="33"/>
						<line hits="1" number="36"/>
						<line hits="1" number="37"/>
						<line hits="0" number="38"/>
						<line hits="1" number="41"/>
						<line hits="1" number="42"/>
						<line hits="0" number="43"/>
						<line hits="1" number="46"/>
						<line hits="1" number="47"/>
						<line hits="0" number="48"/>
						<line hits="1" number="51"/>
						<line hits="1" number="52"/>
						<line hits="0" number="53"/>
						<line hits="1" number="56"/>
						<line hits="1" number="57"/>
						<line hits="0" number="58"/>
						<line hits="1" number="61"/>
						<line hits="1" number="62"/>
						<line hits="0" number="63"/>
						<line hits="1" number="66"/>
						<line hits="1" number="67"/>
						<line hits="0" number="68"/>
						<line hits="1" number="71"/>
						<line hits="1" number="72"/>
						<line hits="0" number="73"/>
					</lines>
				</class>
				<class branch-rate="0" complexity="0" filename="ifunny/util/methods.py" line-rate="0.6596" name="methods.py">
					<methods/>
					<lines>
						<line hits="1" number="1"/>
						<line hits="1" number="3"/>
						<line hits="1" number="5"/>
						<line hits="1" number="19"/>
						<line hits="0" number="20"/>
						<line hits="0" number="21"/>
						<line hits="1" number="24"/>
						<line hits="0" number="26"/>
						<line hits="1" number="29"/>
						<line hits="1" number="30"/>
						<line hits="1" number="39"/>
						<line hits="1" number="42"/>
						<line hits="1" number="43"/>
						<line hits="1" number="45"/>
						<line hits="0" number="46"/>
						<line hits="1" number="47"/>
						<line hits="0" number="48"/>
						<line hits="1" number="50"/>
						<line hits="1" number="53"/>
						<line hits="1" number="61"/>
						<line hits="1" number="63"/>
						<line hits="1" number="64"/>
						<line hits="1" number="66"/>
						<line hits="1" number="68"/>
						<line hits="0" number="69"/>
						<line hits="1" number="72"/>
						<line hits="1" number="73"/>
						<line hits="1" number="75"/>
						<line hits="1" number="78"/>
						<line hits="1" number="79"/>
						<line hits="1" number="81"/>
						<line hits="1" number="82"/>
						<line hits="1" number="83"/>
						<line hits="1" number="85"/>
						<line hits="1" number="86"/>
						<line hits="0" number="88"/>
						<line hits="1" number="91"/>
						<line hits="0" number="92"/>
						<line hits="0" number="94"/>
						<line hits="0" number="95"/>
						<line hits="0" number="97"/>
						<line hits="1" number="100"/>
						<line hits="0" number="101"/>
						<line hits="0" number="103"/>
						<line hits="0" number="105"/>
						<line hits="0" number="106"/>
						<line hits="0" number="109"/>
					</lines>
				</class>
			</classes>
		</package>
	</packages>
</coverage>
